<?xml version="1.0" encoding="UTF-8"?>
<testsuite name="com.sdv.kit.server.ServiceTests" tests="1" skipped="0" failures="0" errors="0" timestamp="2022-11-27T11:18:33" hostname="MacBook-Mikita.local" time="0.768">
  <properties/>
  <testcase name="checkJobRoleService()" classname="com.sdv.kit.server.ServiceTests" time="0.768"/>
  <system-out><![CDATA[14:18:23.758 [Test worker] DEBUG org.springframework.test.context.BootstrapUtils - Instantiating CacheAwareContextLoaderDelegate from class [org.springframework.test.context.cache.DefaultCacheAwareContextLoaderDelegate]
14:18:23.790 [Test worker] DEBUG org.springframework.test.context.BootstrapUtils - Instantiating BootstrapContext using constructor [public org.springframework.test.context.support.DefaultBootstrapContext(java.lang.Class,org.springframework.test.context.CacheAwareContextLoaderDelegate)]
14:18:23.881 [Test worker] DEBUG org.springframework.test.context.BootstrapUtils - Instantiating TestContextBootstrapper for test class [com.sdv.kit.server.ServiceTests] from class [org.springframework.boot.test.context.SpringBootTestContextBootstrapper]
14:18:23.916 [Test worker] INFO org.springframework.boot.test.context.SpringBootTestContextBootstrapper - Neither @ContextConfiguration nor @ContextHierarchy found for test class [com.sdv.kit.server.ServiceTests], using SpringBootContextLoader
14:18:23.928 [Test worker] DEBUG org.springframework.test.context.support.AbstractContextLoader - Did not detect default resource location for test class [com.sdv.kit.server.ServiceTests]: class path resource [com/sdv/kit/server/ServiceTests-context.xml] does not exist
14:18:23.933 [Test worker] DEBUG org.springframework.test.context.support.AbstractContextLoader - Did not detect default resource location for test class [com.sdv.kit.server.ServiceTests]: class path resource [com/sdv/kit/server/ServiceTestsContext.groovy] does not exist
14:18:23.934 [Test worker] INFO org.springframework.test.context.support.AbstractContextLoader - Could not detect default resource locations for test class [com.sdv.kit.server.ServiceTests]: no resource found for suffixes {-context.xml, Context.groovy}.
14:18:23.938 [Test worker] INFO org.springframework.test.context.support.AnnotationConfigContextLoaderUtils - Could not detect default configuration classes for test class [com.sdv.kit.server.ServiceTests]: ServiceTests does not declare any static, non-private, non-final, nested classes annotated with @Configuration.
14:18:24.042 [Test worker] DEBUG org.springframework.test.context.support.ActiveProfilesUtils - Could not find an 'annotation declaring class' for annotation type [org.springframework.test.context.ActiveProfiles] and class [com.sdv.kit.server.ServiceTests]
14:18:24.168 [Test worker] DEBUG org.springframework.context.annotation.ClassPathScanningCandidateComponentProvider - Identified candidate component class: file [/Users/nikitasudaev/IdeaProjects/Project-Tabula/server/build/classes/java/main/com/sdv/kit/server/ServerApplication.class]
14:18:24.170 [Test worker] INFO org.springframework.boot.test.context.SpringBootTestContextBootstrapper - Found @SpringBootConfiguration com.sdv.kit.server.ServerApplication for test class com.sdv.kit.server.ServiceTests
14:18:24.389 [Test worker] DEBUG org.springframework.boot.test.context.SpringBootTestContextBootstrapper - @TestExecutionListeners is not present for class [com.sdv.kit.server.ServiceTests]: using defaults.
14:18:24.390 [Test worker] INFO org.springframework.boot.test.context.SpringBootTestContextBootstrapper - Loaded default TestExecutionListener class names from location [META-INF/spring.factories]: [org.springframework.boot.test.autoconfigure.restdocs.RestDocsTestExecutionListener, org.springframework.boot.test.autoconfigure.web.client.MockRestServiceServerResetTestExecutionListener, org.springframework.boot.test.autoconfigure.web.servlet.MockMvcPrintOnlyOnFailureTestExecutionListener, org.springframework.boot.test.autoconfigure.web.servlet.WebDriverTestExecutionListener, org.springframework.boot.test.autoconfigure.webservices.client.MockWebServiceServerTestExecutionListener, org.springframework.boot.test.mock.mockito.MockitoTestExecutionListener, org.springframework.boot.test.mock.mockito.ResetMocksTestExecutionListener, org.springframework.test.context.web.ServletTestExecutionListener, org.springframework.test.context.support.DirtiesContextBeforeModesTestExecutionListener, org.springframework.test.context.event.ApplicationEventsTestExecutionListener, org.springframework.test.context.support.DependencyInjectionTestExecutionListener, org.springframework.test.context.support.DirtiesContextTestExecutionListener, org.springframework.test.context.transaction.TransactionalTestExecutionListener, org.springframework.test.context.jdbc.SqlScriptsTestExecutionListener, org.springframework.test.context.event.EventPublishingTestExecutionListener]
14:18:24.412 [Test worker] DEBUG org.springframework.boot.test.context.SpringBootTestContextBootstrapper - Skipping candidate TestExecutionListener [org.springframework.test.context.web.ServletTestExecutionListener] due to a missing dependency. Specify custom listener classes or make the default listener classes and their required dependencies available. Offending class: [javax/servlet/ServletContext]
14:18:24.432 [Test worker] INFO org.springframework.boot.test.context.SpringBootTestContextBootstrapper - Using TestExecutionListeners: [org.springframework.test.context.support.DirtiesContextBeforeModesTestExecutionListener@41813449, org.springframework.test.context.event.ApplicationEventsTestExecutionListener@4678a2eb, org.springframework.boot.test.mock.mockito.MockitoTestExecutionListener@5b43fbf6, org.springframework.boot.test.autoconfigure.SpringBootDependencyInjectionTestExecutionListener@1080b026, org.springframework.test.context.support.DirtiesContextTestExecutionListener@58ebfd03, org.springframework.test.context.transaction.TransactionalTestExecutionListener@5b07730f, org.springframework.test.context.jdbc.SqlScriptsTestExecutionListener@1fdfafd2, org.springframework.test.context.event.EventPublishingTestExecutionListener@a4b2d8f, org.springframework.boot.test.autoconfigure.restdocs.RestDocsTestExecutionListener@dcfda20, org.springframework.boot.test.autoconfigure.web.client.MockRestServiceServerResetTestExecutionListener@6d304f9d, org.springframework.boot.test.autoconfigure.web.servlet.MockMvcPrintOnlyOnFailureTestExecutionListener@f73dcd6, org.springframework.boot.test.autoconfigure.web.servlet.WebDriverTestExecutionListener@5c87bfe2, org.springframework.boot.test.autoconfigure.webservices.client.MockWebServiceServerTestExecutionListener@2fea7088, org.springframework.boot.test.mock.mockito.ResetMocksTestExecutionListener@40499e4f]
14:18:24.443 [Test worker] DEBUG org.springframework.test.context.support.AbstractDirtiesContextTestExecutionListener - Before test class: context [DefaultTestContext@749c877b testClass = ServiceTests, testInstance = [null], testMethod = [null], testException = [null], mergedContextConfiguration = [MergedContextConfiguration@efde75f testClass = ServiceTests, locations = '{}', classes = '{class com.sdv.kit.server.ServerApplication}', contextInitializerClasses = '[]', activeProfiles = '{}', propertySourceLocations = '{}', propertySourceProperties = '{org.springframework.boot.test.context.SpringBootTestContextBootstrapper=true}', contextCustomizers = set[org.springframework.boot.test.autoconfigure.actuate.metrics.MetricsExportContextCustomizerFactory$DisableMetricExportContextCustomizer@600b9d27, org.springframework.boot.test.autoconfigure.properties.PropertyMappingContextCustomizer@0, org.springframework.boot.test.autoconfigure.web.servlet.WebDriverContextCustomizerFactory$Customizer@1efe439d, org.springframework.boot.test.context.filter.ExcludeFilterContextCustomizer@413f69cc, org.springframework.boot.test.json.DuplicateJsonObjectContextCustomizerFactory$DuplicateJsonObjectContextCustomizer@39ac0c0a, org.springframework.boot.test.mock.mockito.MockitoContextCustomizer@0, org.springframework.boot.test.web.client.TestRestTemplateContextCustomizer@338c99c8, org.springframework.boot.test.context.SpringBootTestArgs@1, org.springframework.boot.test.context.SpringBootTestWebEnvironment@26b3fd41], contextLoader = 'org.springframework.boot.test.context.SpringBootContextLoader', parent = [null]], attributes = map[[empty]]], class annotated with @DirtiesContext [false] with mode [null].

  .   ____          _            __ _ _
 /\\ / ___'_ __ _ _(_)_ __  __ _ \ \ \ \
( ( )\___ | '_ | '_| | '_ \/ _` | \ \ \ \
 \\/  ___)| |_)| | | | | || (_| |  ) ) ) )
  '  |____| .__|_| |_|_| |_\__, | / / / /
 =========|_|==============|___/=/_/_/_/
 :: Spring Boot ::                (v2.7.5)

2022-11-27 14:18:25.391  INFO 23180 --- [    Test worker] com.sdv.kit.server.ServiceTests          : Starting ServiceTests using Java 17.0.4.1 on MacBook-Mikita.local with PID 23180 (started by nikitasudaev in /Users/nikitasudaev/IdeaProjects/Project-Tabula/server)
2022-11-27 14:18:25.393  INFO 23180 --- [    Test worker] com.sdv.kit.server.ServiceTests          : No active profile set, falling back to 1 default profile: "default"
2022-11-27 14:18:26.143  INFO 23180 --- [    Test worker] .s.d.r.c.RepositoryConfigurationDelegate : Bootstrapping Spring Data JPA repositories in DEFAULT mode.
2022-11-27 14:18:26.277  INFO 23180 --- [    Test worker] .s.d.r.c.RepositoryConfigurationDelegate : Finished Spring Data repository scanning in 118 ms. Found 6 JPA repository interfaces.
2022-11-27 14:18:26.943  INFO 23180 --- [    Test worker] com.zaxxer.hikari.HikariDataSource       : HikariPool-1 - Starting...
2022-11-27 14:18:27.460  INFO 23180 --- [    Test worker] com.zaxxer.hikari.HikariDataSource       : HikariPool-1 - Start completed.
2022-11-27 14:18:27.917  INFO 23180 --- [    Test worker] liquibase.database                       : Set default schema name to public
2022-11-27 14:18:28.294  INFO 23180 --- [    Test worker] liquibase.lockservice                    : Successfully acquired change log lock
2022-11-27 14:18:29.876  INFO 23180 --- [    Test worker] liquibase.changelog                      : Reading from public.databasechangelog
2022-11-27 14:18:30.076  INFO 23180 --- [    Test worker] liquibase.lockservice                    : Successfully released change log lock
2022-11-27 14:18:30.329  INFO 23180 --- [    Test worker] o.hibernate.jpa.internal.util.LogHelper  : HHH000204: Processing PersistenceUnitInfo [name: default]
2022-11-27 14:18:30.437  INFO 23180 --- [    Test worker] org.hibernate.Version                    : HHH000412: Hibernate ORM core version 5.6.12.Final
2022-11-27 14:18:30.834  INFO 23180 --- [    Test worker] o.hibernate.annotations.common.Version   : HCANN000001: Hibernate Commons Annotations {5.1.2.Final}
2022-11-27 14:18:31.064  INFO 23180 --- [    Test worker] org.hibernate.dialect.Dialect            : HHH000400: Using dialect: org.hibernate.dialect.PostgreSQLDialect
2022-11-27 14:18:32.492  INFO 23180 --- [    Test worker] o.h.e.t.j.p.i.JtaPlatformInitiator       : HHH000490: Using JtaPlatform implementation: [org.hibernate.engine.transaction.jta.platform.internal.NoJtaPlatform]
2022-11-27 14:18:32.508  INFO 23180 --- [    Test worker] j.LocalContainerEntityManagerFactoryBean : Initialized JPA EntityManagerFactory for persistence unit 'default'
2022-11-27 14:18:33.480  INFO 23180 --- [    Test worker] com.sdv.kit.server.ServiceTests          : Started ServiceTests in 8.978 seconds (JVM running for 11.783)
Hibernate: 
    select
        jobrole0_.id as id1_1_,
        jobrole0_.title as title2_1_ 
    from
        job_roles jobrole0_
2022-11-27 14:18:34.218  INFO 23180 --- [    Test worker] com.sdv.kit.server.ServiceTests          : Architect
2022-11-27 14:18:34.218  INFO 23180 --- [    Test worker] com.sdv.kit.server.ServiceTests          : CXO
2022-11-27 14:18:34.218  INFO 23180 --- [    Test worker] com.sdv.kit.server.ServiceTests          : Consultant
2022-11-27 14:18:34.218  INFO 23180 --- [    Test worker] com.sdv.kit.server.ServiceTests          : Designer
2022-11-27 14:18:34.219  INFO 23180 --- [    Test worker] com.sdv.kit.server.ServiceTests          : DevOps/Developer experience
2022-11-27 14:18:34.220  INFO 23180 --- [    Test worker] com.sdv.kit.server.ServiceTests          : Developer (not part of a company)
2022-11-27 14:18:34.225  INFO 23180 --- [    Test worker] com.sdv.kit.server.ServiceTests          : Manager/Director of development
2022-11-27 14:18:34.226  INFO 23180 --- [    Test worker] com.sdv.kit.server.ServiceTests          : Project manager
2022-11-27 14:18:34.227  INFO 23180 --- [    Test worker] com.sdv.kit.server.ServiceTests          : Researcher
2022-11-27 14:18:34.233  INFO 23180 --- [    Test worker] com.sdv.kit.server.ServiceTests          : Senior developer
2022-11-27 14:18:34.234  INFO 23180 --- [    Test worker] com.sdv.kit.server.ServiceTests          : Trainee
2022-11-27 14:18:34.239  INFO 23180 --- [    Test worker] com.sdv.kit.server.ServiceTests          : Other
]]></system-out>
  <system-err><![CDATA[]]></system-err>
</testsuite>
